{
  "stats": {
    "suites": 12,
    "tests": 41,
    "passes": 26,
    "pending": 0,
    "failures": 15,
    "start": "2022-07-08T16:33:53.593Z",
    "end": "2022-07-08T16:35:25.913Z",
    "duration": 92320,
    "testsRegistered": 41,
    "passPercent": 63.41463414634146,
    "pendingPercent": 0,
    "other": 0,
    "hasOther": false,
    "skipped": 0,
    "hasSkipped": false
  },
  "results": [
    {
      "uuid": "39c2dfe5-61ab-4619-9469-f84509dd6952",
      "title": "",
      "fullFile": "cypress/integration/project.spec.js",
      "file": "cypress/integration/project.spec.js",
      "beforeHooks": [],
      "afterHooks": [],
      "tests": [],
      "suites": [
        {
          "uuid": "02acb92f-2696-4917-8a02-b630ea72ef7f",
          "title": "1 - Adicione à página o título \"Paleta de Cores\".",
          "fullFile": "",
          "file": "",
          "beforeHooks": [],
          "afterHooks": [],
          "tests": [
            {
              "title": "Verifica se contém um elemento `h1` com o id `title` com o título correto",
              "fullTitle": "1 - Adicione à página o título \"Paleta de Cores\". Verifica se contém um elemento `h1` com o id `title` com o título correto",
              "timedOut": null,
              "duration": 371,
              "state": "passed",
              "speed": "slow",
              "pass": true,
              "fail": false,
              "pending": false,
              "context": null,
              "code": "cy.get('h1#title').should('contain.text', 'Paleta de Cores');",
              "err": {},
              "uuid": "251f9bb0-e1a7-443d-99f6-754182c3020e",
              "parentUUID": "02acb92f-2696-4917-8a02-b630ea72ef7f",
              "isHook": false,
              "skipped": false
            }
          ],
          "suites": [],
          "passes": [
            "251f9bb0-e1a7-443d-99f6-754182c3020e"
          ],
          "failures": [],
          "pending": [],
          "skipped": [],
          "duration": 371,
          "root": false,
          "rootEmpty": false,
          "_timeout": 2000
        },
        {
          "uuid": "abe3af39-48c6-4a17-969d-a45d4667506b",
          "title": "2 - Adicione à página uma paleta de quatro cores distintas.",
          "fullFile": "",
          "file": "",
          "beforeHooks": [],
          "afterHooks": [],
          "tests": [
            {
              "title": "A paleta de cores deve ser um elemento com `id` denominado `color-palette` e ter mais de 0px de altura e de largura.",
              "fullTitle": "2 - Adicione à página uma paleta de quatro cores distintas. A paleta de cores deve ser um elemento com `id` denominado `color-palette` e ter mais de 0px de altura e de largura.",
              "timedOut": null,
              "duration": 238,
              "state": "passed",
              "speed": "slow",
              "pass": true,
              "fail": false,
              "pending": false,
              "context": null,
              "code": "cy.get('#color-palette').should('be.visible');\ncy.get('#color-palette').children('.color');",
              "err": {},
              "uuid": "3581e416-2074-492a-9c77-85a7dafc7373",
              "parentUUID": "abe3af39-48c6-4a17-969d-a45d4667506b",
              "isHook": false,
              "skipped": false
            },
            {
              "title": "Verifica se cada cor individual da paleta de cores possui a `classe` chamada `color`.",
              "fullTitle": "2 - Adicione à página uma paleta de quatro cores distintas. Verifica se cada cor individual da paleta de cores possui a `classe` chamada `color`.",
              "timedOut": null,
              "duration": 285,
              "state": "passed",
              "speed": "slow",
              "pass": true,
              "fail": false,
              "pending": false,
              "context": null,
              "code": "cy.get('.color').should('have.length', 4).then(function (colors) {\n  for (var i = 0; i < colors.length; i++) {\n    cy.wrap(colors[i]).should('be.visible');\n  }\n});",
              "err": {},
              "uuid": "37fad9d9-b251-4a52-b5ce-4d6a1e87c7f4",
              "parentUUID": "abe3af39-48c6-4a17-969d-a45d4667506b",
              "isHook": false,
              "skipped": false
            },
            {
              "title": "Verifica se a cor de fundo de cada elemento da paleta é a cor que o elemento representa. **A única cor não permitida na paleta é a cor branca.**",
              "fullTitle": "2 - Adicione à página uma paleta de quatro cores distintas. Verifica se a cor de fundo de cada elemento da paleta é a cor que o elemento representa. **A única cor não permitida na paleta é a cor branca.**",
              "timedOut": null,
              "duration": 392,
              "state": "passed",
              "speed": "slow",
              "pass": true,
              "fail": false,
              "pending": false,
              "context": null,
              "code": "cy.get('.color').each(function (color) {\n  cy.wrap(color).should('have.class', 'color').and('not.have.css', 'background-color', WHITE);\n  cy.wrap(color).should('have.css', 'background-color');\n});",
              "err": {},
              "uuid": "3fad589b-e368-4813-a8b5-c80c51a8bd98",
              "parentUUID": "abe3af39-48c6-4a17-969d-a45d4667506b",
              "isHook": false,
              "skipped": false
            },
            {
              "title": "Verifica se cada elemento da paleta de cores tem uma borda preta, sólida e com 1 pixel de largura;",
              "fullTitle": "2 - Adicione à página uma paleta de quatro cores distintas. Verifica se cada elemento da paleta de cores tem uma borda preta, sólida e com 1 pixel de largura;",
              "timedOut": null,
              "duration": 215,
              "state": "passed",
              "speed": "slow",
              "pass": true,
              "fail": false,
              "pending": false,
              "context": null,
              "code": "cy.get('.color').each(function (color) {\n  cy.wrap(color).and('have.css', 'border', \"1px solid \".concat(BLACK)).and('have.class', 'color');\n});",
              "err": {},
              "uuid": "546e2366-9341-4c4c-a127-edaa3370853b",
              "parentUUID": "abe3af39-48c6-4a17-969d-a45d4667506b",
              "isHook": false,
              "skipped": false
            },
            {
              "title": "Verifica se a paleta lista todas as cores disponíveis para utilização, lado a lado.",
              "fullTitle": "2 - Adicione à página uma paleta de quatro cores distintas. Verifica se a paleta lista todas as cores disponíveis para utilização, lado a lado.",
              "timedOut": null,
              "duration": 237,
              "state": "passed",
              "speed": "slow",
              "pass": true,
              "fail": false,
              "pending": false,
              "context": null,
              "code": "cy.get('.color').then(function (colors) {\n  for (var index = 1; index < colors.length; index += 1) {\n    var currentColor = colors[index];\n    var previousColor = colors[index - 1];\n    cy.wrap(currentColor).should('be.onTheRightOf', previousColor).and('be.horizontallyAlignedWith', previousColor);\n  }\n});",
              "err": {},
              "uuid": "81376071-812b-4af1-b997-a389f27ed8df",
              "parentUUID": "abe3af39-48c6-4a17-969d-a45d4667506b",
              "isHook": false,
              "skipped": false
            },
            {
              "title": "Verifica se a paleta de cores está posicionada abaixo do título 'Paleta de Cores'",
              "fullTitle": "2 - Adicione à página uma paleta de quatro cores distintas. Verifica se a paleta de cores está posicionada abaixo do título 'Paleta de Cores'",
              "timedOut": null,
              "duration": 323,
              "state": "passed",
              "speed": "slow",
              "pass": true,
              "fail": false,
              "pending": false,
              "context": null,
              "code": "cy.get('h1#title').then(function (title) {\n  cy.get('#color-palette').should('be.belowOf', title);\n});",
              "err": {},
              "uuid": "b9c0253e-e107-4289-b7a9-121005b741ff",
              "parentUUID": "abe3af39-48c6-4a17-969d-a45d4667506b",
              "isHook": false,
              "skipped": false
            },
            {
              "title": "Verifica se a paleta de cores não contém cores repetidas.",
              "fullTitle": "2 - Adicione à página uma paleta de quatro cores distintas. Verifica se a paleta de cores não contém cores repetidas.",
              "timedOut": null,
              "duration": 139,
              "state": "passed",
              "speed": "slow",
              "pass": true,
              "fail": false,
              "pending": false,
              "context": null,
              "code": "cy.get('.color').then(function (colors) {\n  var allColors = Array.from(colors).map(function (color) {\n    return Cypress.$(color).css('background-color');\n  });\n  cy.log(allColors);\n  var uniqColors = (0, _toConsumableArray2[\"default\"])(new Set(allColors));\n  cy.log(uniqColors);\n  expect(allColors.length).to.eq(uniqColors.length);\n});",
              "err": {},
              "uuid": "30eab77f-b76b-4060-aae6-3257c0bc5519",
              "parentUUID": "abe3af39-48c6-4a17-969d-a45d4667506b",
              "isHook": false,
              "skipped": false
            }
          ],
          "suites": [],
          "passes": [
            "3581e416-2074-492a-9c77-85a7dafc7373",
            "37fad9d9-b251-4a52-b5ce-4d6a1e87c7f4",
            "3fad589b-e368-4813-a8b5-c80c51a8bd98",
            "546e2366-9341-4c4c-a127-edaa3370853b",
            "81376071-812b-4af1-b997-a389f27ed8df",
            "b9c0253e-e107-4289-b7a9-121005b741ff",
            "30eab77f-b76b-4060-aae6-3257c0bc5519"
          ],
          "failures": [],
          "pending": [],
          "skipped": [],
          "duration": 1829,
          "root": false,
          "rootEmpty": false,
          "_timeout": 2000
        },
        {
          "uuid": "0b878ebe-6e6f-42db-9c86-b15b48d342cb",
          "title": "3 - Adicione a cor **preta** como a primeira cor da paleta de cores.",
          "fullFile": "",
          "file": "",
          "beforeHooks": [],
          "afterHooks": [],
          "tests": [
            {
              "title": "Verifica se a primeira cor da paleta é preta",
              "fullTitle": "3 - Adicione a cor **preta** como a primeira cor da paleta de cores. Verifica se a primeira cor da paleta é preta",
              "timedOut": null,
              "duration": 202,
              "state": "passed",
              "speed": "slow",
              "pass": true,
              "fail": false,
              "pending": false,
              "context": null,
              "code": "cy.get('.color').first().should('have.css', 'background-color', BLACK);",
              "err": {},
              "uuid": "e68738ac-e85f-4660-8393-870cc7abea60",
              "parentUUID": "0b878ebe-6e6f-42db-9c86-b15b48d342cb",
              "isHook": false,
              "skipped": false
            },
            {
              "title": "Verifica se as demais cores podem ser escolhidas livremente.",
              "fullTitle": "3 - Adicione a cor **preta** como a primeira cor da paleta de cores. Verifica se as demais cores podem ser escolhidas livremente.",
              "timedOut": null,
              "duration": 338,
              "state": "passed",
              "speed": "slow",
              "pass": true,
              "fail": false,
              "pending": false,
              "context": null,
              "code": "cy.get('.color').eq(1).should('not.have.css', 'background-color', BLACK);\ncy.get('.color').eq(1).should('not.have.css', 'background-color', WHITE);\ncy.get('.color').eq(1).should('not.have.css', 'background-color', 'rgba(0, 0, 0, 0)');\ncy.get('.color').eq(1).should('have.css', 'background-color');\ncy.get('.color').eq(2).should('not.have.css', 'background-color', BLACK);\ncy.get('.color').eq(2).should('not.have.css', 'background-color', WHITE);\ncy.get('.color').eq(2).should('not.have.css', 'background-color', 'rgba(0, 0, 0, 0)');\ncy.get('.color').eq(2).should('have.css', 'background-color');\ncy.get('.color').eq(3).should('not.have.css', 'background-color', BLACK);\ncy.get('.color').eq(3).should('not.have.css', 'background-color', WHITE);\ncy.get('.color').eq(3).should('not.have.css', 'background-color', 'rgba(0, 0, 0, 0)');\ncy.get('.color').eq(3).should('have.css', 'background-color');",
              "err": {},
              "uuid": "51f8c439-9f42-4caa-895d-ca4105711f62",
              "parentUUID": "0b878ebe-6e6f-42db-9c86-b15b48d342cb",
              "isHook": false,
              "skipped": false
            }
          ],
          "suites": [],
          "passes": [
            "e68738ac-e85f-4660-8393-870cc7abea60",
            "51f8c439-9f42-4caa-895d-ca4105711f62"
          ],
          "failures": [],
          "pending": [],
          "skipped": [],
          "duration": 540,
          "root": false,
          "rootEmpty": false,
          "_timeout": 2000
        },
        {
          "uuid": "86797eff-58fc-4c52-aeac-3383e002404a",
          "title": "4 - Adicione à página um quadro de pixels, com 25 pixels.",
          "fullFile": "",
          "file": "",
          "beforeHooks": [],
          "afterHooks": [],
          "tests": [
            {
              "title": "Verifica se o quadro de pixels possui o `id` denominado `pixel-board`",
              "fullTitle": "4 - Adicione à página um quadro de pixels, com 25 pixels. Verifica se o quadro de pixels possui o `id` denominado `pixel-board`",
              "timedOut": null,
              "duration": 134,
              "state": "passed",
              "speed": "slow",
              "pass": true,
              "fail": false,
              "pending": false,
              "context": null,
              "code": "cy.get('#pixel-board').should('be.visible');",
              "err": {},
              "uuid": "77b08cfc-b917-4a86-9f7a-7eb64c2cb5c5",
              "parentUUID": "86797eff-58fc-4c52-aeac-3383e002404a",
              "isHook": false,
              "skipped": false
            },
            {
              "title": "Verifica se cada pixel individual dentro do quadro possui a `classe` denominada `pixel`.",
              "fullTitle": "4 - Adicione à página um quadro de pixels, com 25 pixels. Verifica se cada pixel individual dentro do quadro possui a `classe` denominada `pixel`.",
              "timedOut": null,
              "duration": 207,
              "state": "passed",
              "speed": "slow",
              "pass": true,
              "fail": false,
              "pending": false,
              "context": null,
              "code": "cy.get('.pixel').should('have.length', 25);",
              "err": {},
              "uuid": "9c8ca307-c630-43b2-9456-f3018eb18d4b",
              "parentUUID": "86797eff-58fc-4c52-aeac-3383e002404a",
              "isHook": false,
              "skipped": false
            },
            {
              "title": "Verifica se a cor inicial dos pixels dentro do quadro, ao abrir a página, é branca.",
              "fullTitle": "4 - Adicione à página um quadro de pixels, com 25 pixels. Verifica se a cor inicial dos pixels dentro do quadro, ao abrir a página, é branca.",
              "timedOut": null,
              "duration": 305,
              "state": "passed",
              "speed": "slow",
              "pass": true,
              "fail": false,
              "pending": false,
              "context": null,
              "code": "cy.get('.pixel').should('have.length', 25).each(function (pixel) {\n  expect(pixel).to.have.css('background-color', WHITE);\n});",
              "err": {},
              "uuid": "3e645f0b-bb32-4c4c-a5a8-f0f9d66f8bf0",
              "parentUUID": "86797eff-58fc-4c52-aeac-3383e002404a",
              "isHook": false,
              "skipped": false
            },
            {
              "title": "Verifica se o quadro de pixels aparece abaixo da paleta de cores",
              "fullTitle": "4 - Adicione à página um quadro de pixels, com 25 pixels. Verifica se o quadro de pixels aparece abaixo da paleta de cores",
              "timedOut": null,
              "duration": 182,
              "state": "passed",
              "speed": "slow",
              "pass": true,
              "fail": false,
              "pending": false,
              "context": null,
              "code": "cy.get('#color-palette').then(function (palette) {\n  cy.get('#pixel-board').should('be.belowOf', palette);\n});",
              "err": {},
              "uuid": "967e3a04-6cf6-4642-b12d-52e424514250",
              "parentUUID": "86797eff-58fc-4c52-aeac-3383e002404a",
              "isHook": false,
              "skipped": false
            }
          ],
          "suites": [],
          "passes": [
            "77b08cfc-b917-4a86-9f7a-7eb64c2cb5c5",
            "9c8ca307-c630-43b2-9456-f3018eb18d4b",
            "3e645f0b-bb32-4c4c-a5a8-f0f9d66f8bf0",
            "967e3a04-6cf6-4642-b12d-52e424514250"
          ],
          "failures": [],
          "pending": [],
          "skipped": [],
          "duration": 828,
          "root": false,
          "rootEmpty": false,
          "_timeout": 2000
        },
        {
          "uuid": "be462571-2e11-4113-983b-28ad2bc1a005",
          "title": "5 - Faça com que cada elemento do quadro de pixels possua 40 pixels de largura, 40 pixels de altura e seja delimitado por uma borda preta de 1 pixel.",
          "fullFile": "",
          "file": "",
          "beforeHooks": [],
          "afterHooks": [],
          "tests": [
            {
              "title": "Verifica se o quadro de pixels tem altura e comprimento de 5 elementos",
              "fullTitle": "5 - Faça com que cada elemento do quadro de pixels possua 40 pixels de largura, 40 pixels de altura e seja delimitado por uma borda preta de 1 pixel. Verifica se o quadro de pixels tem altura e comprimento de 5 elementos",
              "timedOut": null,
              "duration": 489,
              "state": "passed",
              "speed": "slow",
              "pass": true,
              "fail": false,
              "pending": false,
              "context": null,
              "code": "cy.get('.pixel').should('have.length', 25).each(function (pixel) {\n  expect(pixel).to.have.css('background-color', WHITE);\n}).and(function (pixels) {\n  var rows = chunk(pixels, 5);\n  rows.forEach(function (row) {\n    for (var index = 1; index < row.length; index += 1) {\n      var current = pixels[index];\n      var previous = pixels[index - 1];\n      cy.wrap(current).should('be.onTheRightOf', previous).and('be.horizontallyAlignedWith', previous);\n    }\n  });\n  for (var index = 1; index < 5; index += 1) {\n    expect(pixels[index * 5]).to.be.belowOf(pixels[(index - 1) * 5]);\n  }\n});",
              "err": {},
              "uuid": "a5f1d91f-692a-4e95-9d0c-c426f41eb3ec",
              "parentUUID": "be462571-2e11-4113-983b-28ad2bc1a005",
              "isHook": false,
              "skipped": false
            },
            {
              "title": "Verifica se 40 pixels é o tamanho total do elemento, incluindo seu conteúdo e excluindo a borda preta, que deve ser criada à parte.",
              "fullTitle": "5 - Faça com que cada elemento do quadro de pixels possua 40 pixels de largura, 40 pixels de altura e seja delimitado por uma borda preta de 1 pixel. Verifica se 40 pixels é o tamanho total do elemento, incluindo seu conteúdo e excluindo a borda preta, que deve ser criada à parte.",
              "timedOut": null,
              "duration": 401,
              "state": "passed",
              "speed": "slow",
              "pass": true,
              "fail": false,
              "pending": false,
              "context": null,
              "code": "cy.get('.pixel').each(function (pixel) {\n  cy.wrap(pixel).should('have.css', 'height', '40px').and('have.css', 'width', '40px').and('have.css', 'border', \"1px solid \".concat(BLACK));\n});",
              "err": {},
              "uuid": "7678e9ba-72db-4aa4-8002-b5702d7a0d78",
              "parentUUID": "be462571-2e11-4113-983b-28ad2bc1a005",
              "isHook": false,
              "skipped": false
            }
          ],
          "suites": [],
          "passes": [
            "a5f1d91f-692a-4e95-9d0c-c426f41eb3ec",
            "7678e9ba-72db-4aa4-8002-b5702d7a0d78"
          ],
          "failures": [],
          "pending": [],
          "skipped": [],
          "duration": 890,
          "root": false,
          "rootEmpty": false,
          "_timeout": 2000
        },
        {
          "uuid": "3cbcba34-4a68-4d48-af56-bc861b5854e0",
          "title": "6 - Defina a cor preta como cor inicial. Ao carregar a página a cor preta já deve estar selecionada para pintar os pixels",
          "fullFile": "",
          "file": "",
          "beforeHooks": [],
          "afterHooks": [],
          "tests": [
            {
              "title": "Verifica se o elemento da cor preta possui, inicialmente, a `classe` `selected`",
              "fullTitle": "6 - Defina a cor preta como cor inicial. Ao carregar a página a cor preta já deve estar selecionada para pintar os pixels Verifica se o elemento da cor preta possui, inicialmente, a `classe` `selected`",
              "timedOut": null,
              "duration": 196,
              "state": "passed",
              "speed": "slow",
              "pass": true,
              "fail": false,
              "pending": false,
              "context": null,
              "code": "cy.get('.selected').first().should('have.css', 'background-color', BLACK);",
              "err": {},
              "uuid": "a107dff8-a6fd-40b7-b103-379e75c2351b",
              "parentUUID": "3cbcba34-4a68-4d48-af56-bc861b5854e0",
              "isHook": false,
              "skipped": false
            },
            {
              "title": "Verifica se nenhuma outra cor da paleta tem a `classe` `selected`",
              "fullTitle": "6 - Defina a cor preta como cor inicial. Ao carregar a página a cor preta já deve estar selecionada para pintar os pixels Verifica se nenhuma outra cor da paleta tem a `classe` `selected`",
              "timedOut": null,
              "duration": 255,
              "state": "passed",
              "speed": "slow",
              "pass": true,
              "fail": false,
              "pending": false,
              "context": null,
              "code": "cy.get('.color:not(:first-child)').each(function (color) {\n  cy.wrap(color).should('not.have.class', 'selected');\n});",
              "err": {},
              "uuid": "764235b5-233a-4207-8f07-a9064bea6363",
              "parentUUID": "3cbcba34-4a68-4d48-af56-bc861b5854e0",
              "isHook": false,
              "skipped": false
            }
          ],
          "suites": [],
          "passes": [
            "a107dff8-a6fd-40b7-b103-379e75c2351b",
            "764235b5-233a-4207-8f07-a9064bea6363"
          ],
          "failures": [],
          "pending": [],
          "skipped": [],
          "duration": 451,
          "root": false,
          "rootEmpty": false,
          "_timeout": 2000
        },
        {
          "uuid": "223f98b1-6c8e-4e38-8e08-9c547fee8c25",
          "title": "7 - Clicar em uma das cores da paleta, faz com que ela seja selecionada e utilizada para preencher os pixels no quadro.",
          "fullFile": "",
          "file": "",
          "beforeHooks": [],
          "afterHooks": [],
          "tests": [
            {
              "title": "Verifica se somente uma cor da paleta de cores tem a classe `selected` de cada vez",
              "fullTitle": "7 - Clicar em uma das cores da paleta, faz com que ela seja selecionada e utilizada para preencher os pixels no quadro. Verifica se somente uma cor da paleta de cores tem a classe `selected` de cada vez",
              "timedOut": null,
              "duration": 520,
              "state": "passed",
              "speed": "slow",
              "pass": true,
              "fail": false,
              "pending": false,
              "context": null,
              "code": "cy.get('.color').each(function (selectedColor, selectedColorIndex) {\n  cy.wrap(selectedColor).click();\n  cy.get('.color').each(function (color, colorIndex) {\n    if (colorIndex === selectedColorIndex) {\n      expect(color).to.have[\"class\"]('selected');\n    } else {\n      expect(color).not.to.have[\"class\"]('selected');\n    }\n  });\n});",
              "err": {},
              "uuid": "6c11e1c3-1405-4664-b494-94e8e53bc0ea",
              "parentUUID": "223f98b1-6c8e-4e38-8e08-9c547fee8c25",
              "isHook": false,
              "skipped": false
            },
            {
              "title": "Verifica se os pixels dentro do quadro não têm a classe `selected` quando são clicados",
              "fullTitle": "7 - Clicar em uma das cores da paleta, faz com que ela seja selecionada e utilizada para preencher os pixels no quadro. Verifica se os pixels dentro do quadro não têm a classe `selected` quando são clicados",
              "timedOut": null,
              "duration": 9269,
              "state": "passed",
              "speed": "slow",
              "pass": true,
              "fail": false,
              "pending": false,
              "context": null,
              "code": "cy.get('.color').each(function (color) {\n  var backgroundColor = color.css('background-color');\n  cy.wrap(color).click();\n  cy.get('.pixel').each(function (pixel) {\n    cy.wrap(pixel).click().should('not.have.class', 'selected');\n  });\n});",
              "err": {},
              "uuid": "e9dfe296-6bd6-41ea-9b45-bf3cd1c7a1d6",
              "parentUUID": "223f98b1-6c8e-4e38-8e08-9c547fee8c25",
              "isHook": false,
              "skipped": false
            }
          ],
          "suites": [],
          "passes": [
            "6c11e1c3-1405-4664-b494-94e8e53bc0ea",
            "e9dfe296-6bd6-41ea-9b45-bf3cd1c7a1d6"
          ],
          "failures": [],
          "pending": [],
          "skipped": [],
          "duration": 9789,
          "root": false,
          "rootEmpty": false,
          "_timeout": 2000
        },
        {
          "uuid": "3c2db2ab-9f53-4902-949f-e4b8311094bd",
          "title": "8 - Clicar em um pixel dentro do quadro após selecionar uma cor na paleta, faz com que o pixel seja preenchido com a cor selecionada.",
          "fullFile": "",
          "file": "",
          "beforeHooks": [],
          "afterHooks": [],
          "tests": [
            {
              "title": "Verifica se ao carregar a página deve ser possível pintar os pixels de preto",
              "fullTitle": "8 - Clicar em um pixel dentro do quadro após selecionar uma cor na paleta, faz com que o pixel seja preenchido com a cor selecionada. Verifica se ao carregar a página deve ser possível pintar os pixels de preto",
              "timedOut": null,
              "duration": 2362,
              "state": "passed",
              "speed": "slow",
              "pass": true,
              "fail": false,
              "pending": false,
              "context": null,
              "code": "cy.get('.pixel').each(function (pixel) {\n  cy.wrap(pixel).click().should('have.css', 'background-color', BLACK);\n});",
              "err": {},
              "uuid": "99dc5f4f-f871-4aa4-9f28-a6dc6740b25a",
              "parentUUID": "3c2db2ab-9f53-4902-949f-e4b8311094bd",
              "isHook": false,
              "skipped": false
            },
            {
              "title": "Verifica se após selecionar uma outra cor na paleta, é possível pintar os pixels com essa cor",
              "fullTitle": "8 - Clicar em um pixel dentro do quadro após selecionar uma cor na paleta, faz com que o pixel seja preenchido com a cor selecionada. Verifica se após selecionar uma outra cor na paleta, é possível pintar os pixels com essa cor",
              "timedOut": null,
              "duration": 9297,
              "state": "passed",
              "speed": "slow",
              "pass": true,
              "fail": false,
              "pending": false,
              "context": null,
              "code": "cy.get('.color').each(function (color) {\n  var backgroundColor = color.css('background-color');\n  cy.wrap(color).click();\n  cy.get('.pixel').each(function (pixel) {\n    cy.wrap(pixel).click().should('have.css', 'background-color', backgroundColor);\n  });\n});",
              "err": {},
              "uuid": "d546fee7-a224-4ba8-a9f1-55cf96dda05f",
              "parentUUID": "3c2db2ab-9f53-4902-949f-e4b8311094bd",
              "isHook": false,
              "skipped": false
            },
            {
              "title": "Verifica se somente o pixel que foi clicado foi preenchido com a cor selecionada, sem influenciar na cor dos demais pixels.",
              "fullTitle": "8 - Clicar em um pixel dentro do quadro após selecionar uma cor na paleta, faz com que o pixel seja preenchido com a cor selecionada. Verifica se somente o pixel que foi clicado foi preenchido com a cor selecionada, sem influenciar na cor dos demais pixels.",
              "timedOut": null,
              "duration": 1730,
              "state": "passed",
              "speed": "slow",
              "pass": true,
              "fail": false,
              "pending": false,
              "context": null,
              "code": "var colorToPixelIndexMap = {\n  0: 6,\n  1: 8,\n  2: 16,\n  3: 18\n};\ncy.get('.color').each(function (color, index) {\n  cy.wrap(color).click();\n  var backgroundColor = color.css('background-color');\n  var clickedPixelIndex = colorToPixelIndexMap[index];\n  cy.get('.pixel').eq(clickedPixelIndex).click();\n  cy.get('.pixel').eq(clickedPixelIndex - 1).should('not.have.css', 'background-color', backgroundColor);\n  cy.get('.pixel').eq(clickedPixelIndex + 1).should('not.have.css', 'background-color', backgroundColor);\n  cy.get('.pixel').eq(clickedPixelIndex - 5).should('not.have.css', 'background-color', backgroundColor);\n  cy.get('.pixel').eq(clickedPixelIndex + 5).should('not.have.css', 'background-color', backgroundColor);\n  cy.get('.pixel').eq(clickedPixelIndex - 6).should('not.have.css', 'background-color', backgroundColor);\n  cy.get('.pixel').eq(clickedPixelIndex - 4).should('not.have.css', 'background-color', backgroundColor);\n  cy.get('.pixel').eq(clickedPixelIndex + 4).should('not.have.css', 'background-color', backgroundColor);\n  cy.get('.pixel').eq(clickedPixelIndex + 6).should('not.have.css', 'background-color', backgroundColor);\n});",
              "err": {},
              "uuid": "b0a316ec-ab65-41e7-bf45-b0e9b1ac2ed9",
              "parentUUID": "3c2db2ab-9f53-4902-949f-e4b8311094bd",
              "isHook": false,
              "skipped": false
            }
          ],
          "suites": [],
          "passes": [
            "99dc5f4f-f871-4aa4-9f28-a6dc6740b25a",
            "d546fee7-a224-4ba8-a9f1-55cf96dda05f",
            "b0a316ec-ab65-41e7-bf45-b0e9b1ac2ed9"
          ],
          "failures": [],
          "pending": [],
          "skipped": [],
          "duration": 13389,
          "root": false,
          "rootEmpty": false,
          "_timeout": 2000
        },
        {
          "uuid": "d4979949-0b65-46e9-9f33-ff30eabdf5b4",
          "title": "9 - Crie um botão que, ao ser clicado, limpa o quadro preenchendo a cor de todos seus pixels com branco.",
          "fullFile": "",
          "file": "",
          "beforeHooks": [],
          "afterHooks": [],
          "tests": [
            {
              "title": "Verifica se o botão tem o `id` denominado `clear-board`",
              "fullTitle": "9 - Crie um botão que, ao ser clicado, limpa o quadro preenchendo a cor de todos seus pixels com branco. Verifica se o botão tem o `id` denominado `clear-board`",
              "timedOut": null,
              "duration": 230,
              "state": "passed",
              "speed": "slow",
              "pass": true,
              "fail": false,
              "pending": false,
              "context": null,
              "code": "cy.get('#clear-board').should('be.visible');",
              "err": {},
              "uuid": "8d7293bc-e5d1-4545-b79d-64b9934d1b97",
              "parentUUID": "d4979949-0b65-46e9-9f33-ff30eabdf5b4",
              "isHook": false,
              "skipped": false
            },
            {
              "title": "Verifica se o botão está posicionado entre a paleta de cores e o quadro de pixels",
              "fullTitle": "9 - Crie um botão que, ao ser clicado, limpa o quadro preenchendo a cor de todos seus pixels com branco. Verifica se o botão está posicionado entre a paleta de cores e o quadro de pixels",
              "timedOut": null,
              "duration": 183,
              "state": "passed",
              "speed": "slow",
              "pass": true,
              "fail": false,
              "pending": false,
              "context": null,
              "code": "cy.get('#color-palette').then(function (palette) {\n  cy.get('#clear-board').should('be.belowOf', palette);\n});\ncy.get('#clear-board').then(function (clearBtn) {\n  cy.get('#pixel-board').should('be.belowOf', clearBtn);\n});",
              "err": {},
              "uuid": "b6a3adff-5d7e-4fee-a952-bbf74430df34",
              "parentUUID": "d4979949-0b65-46e9-9f33-ff30eabdf5b4",
              "isHook": false,
              "skipped": false
            },
            {
              "title": "Verifica se o texto do botão é 'Limpar'",
              "fullTitle": "9 - Crie um botão que, ao ser clicado, limpa o quadro preenchendo a cor de todos seus pixels com branco. Verifica se o texto do botão é 'Limpar'",
              "timedOut": null,
              "duration": 188,
              "state": "passed",
              "speed": "slow",
              "pass": true,
              "fail": false,
              "pending": false,
              "context": null,
              "code": "cy.get('#clear-board').should('contain.text', 'Limpar');",
              "err": {},
              "uuid": "1f789214-ce1e-4d95-abad-20fcbe17bd51",
              "parentUUID": "d4979949-0b65-46e9-9f33-ff30eabdf5b4",
              "isHook": false,
              "skipped": false
            },
            {
              "title": "Verifica se ao clicar no botão, o quadro de pixels é totalmente preenchido de branco",
              "fullTitle": "9 - Crie um botão que, ao ser clicado, limpa o quadro preenchendo a cor de todos seus pixels com branco. Verifica se ao clicar no botão, o quadro de pixels é totalmente preenchido de branco",
              "timedOut": null,
              "duration": 6848,
              "state": "failed",
              "speed": null,
              "pass": false,
              "fail": true,
              "pending": false,
              "context": null,
              "code": "cy.get('.color').eq(1).then(function (color) {\n  var backgroundColor = color.css('background-color');\n  cy.wrap(color).click();\n  cy.get('.pixel').each(function (pixel) {\n    cy.wrap(pixel).click().should('have.css', 'background-color', backgroundColor);\n  });\n});\ncy.get('#clear-board').click();\ncy.get('.pixel').each(function (pixel) {\n  cy.wrap(pixel).should('have.css', 'background-color', WHITE);\n});",
              "err": {
                "message": "CypressError: Timed out retrying: expected '<div.pixel>' to have CSS property 'background-color' with the value 'rgb(255, 255, 255)', but the value was 'rgb(255, 255, 0)'",
                "estack": "CypressError: Timed out retrying: expected '<div.pixel>' to have CSS property 'background-color' with the value 'rgb(255, 255, 255)', but the value was 'rgb(255, 255, 0)'\n    at cypressErr (http://localhost:35451/__cypress/runner/cypress_runner.js:149934:9)\n    at throwErr (http://localhost:35451/__cypress/runner/cypress_runner.js:149867:11)\n    at Object.throwErrByPath (http://localhost:35451/__cypress/runner/cypress_runner.js:149915:3)\n    at retry (http://localhost:35451/__cypress/runner/cypress_runner.js:144197:19)\n    at onFailFn (http://localhost:35451/__cypress/runner/cypress_runner.js:132448:16)\n    at tryCatcher (http://localhost:35451/__cypress/runner/cypress_runner.js:167415:23)\n    at Promise._settlePromiseFromHandler (http://localhost:35451/__cypress/runner/cypress_runner.js:165351:31)\n    at Promise._settlePromise (http://localhost:35451/__cypress/runner/cypress_runner.js:165408:18)\n    at Promise._settlePromise0 (http://localhost:35451/__cypress/runner/cypress_runner.js:165453:10)\n    at Promise._settlePromises (http://localhost:35451/__cypress/runner/cypress_runner.js:165528:18)\n    at Async../node_modules/bluebird/js/release/async.js.Async._drainQueue (http://localhost:35451/__cypress/runner/cypress_runner.js:162140:16)\n    at Async../node_modules/bluebird/js/release/async.js.Async._drainQueues (http://localhost:35451/__cypress/runner/cypress_runner.js:162150:10)\n    at Async.drainQueues (http://localhost:35451/__cypress/runner/cypress_runner.js:162024:14)",
                "diff": null
              },
              "uuid": "fe57f992-72d3-4ec6-a7c9-cc668d2ab150",
              "parentUUID": "d4979949-0b65-46e9-9f33-ff30eabdf5b4",
              "isHook": false,
              "skipped": false
            }
          ],
          "suites": [],
          "passes": [
            "8d7293bc-e5d1-4545-b79d-64b9934d1b97",
            "b6a3adff-5d7e-4fee-a952-bbf74430df34",
            "1f789214-ce1e-4d95-abad-20fcbe17bd51"
          ],
          "failures": [
            "fe57f992-72d3-4ec6-a7c9-cc668d2ab150"
          ],
          "pending": [],
          "skipped": [],
          "duration": 7449,
          "root": false,
          "rootEmpty": false,
          "_timeout": 2000
        },
        {
          "uuid": "b1b669e1-819c-4d72-bfc4-5f66892f9606",
          "title": "10 - Faça o quadro de pixels ter seu tamanho definido pelo usuário.",
          "fullFile": "",
          "file": "",
          "beforeHooks": [],
          "afterHooks": [],
          "tests": [
            {
              "title": "Verifica se existe um input com o id `board-size`",
              "fullTitle": "10 - Faça o quadro de pixels ter seu tamanho definido pelo usuário. Verifica se existe um input com o id `board-size`",
              "timedOut": null,
              "duration": 4444,
              "state": "failed",
              "speed": null,
              "pass": false,
              "fail": true,
              "pending": false,
              "context": null,
              "code": "cy.get('#board-size').should('be.visible');",
              "err": {
                "message": "CypressError: Timed out retrying: Expected to find element: '#board-size', but never found it.",
                "estack": "CypressError: Timed out retrying: Expected to find element: '#board-size', but never found it.\n    at cypressErr (http://localhost:35451/__cypress/runner/cypress_runner.js:149934:9)\n    at throwErr (http://localhost:35451/__cypress/runner/cypress_runner.js:149867:11)\n    at Object.throwErrByPath (http://localhost:35451/__cypress/runner/cypress_runner.js:149915:3)\n    at retry (http://localhost:35451/__cypress/runner/cypress_runner.js:144197:19)\n    at onFailFn (http://localhost:35451/__cypress/runner/cypress_runner.js:132448:16)\n    at tryCatcher (http://localhost:35451/__cypress/runner/cypress_runner.js:167415:23)\n    at Promise._settlePromiseFromHandler (http://localhost:35451/__cypress/runner/cypress_runner.js:165351:31)\n    at Promise._settlePromise (http://localhost:35451/__cypress/runner/cypress_runner.js:165408:18)\n    at Promise._settlePromise0 (http://localhost:35451/__cypress/runner/cypress_runner.js:165453:10)\n    at Promise._settlePromises (http://localhost:35451/__cypress/runner/cypress_runner.js:165528:18)\n    at Async../node_modules/bluebird/js/release/async.js.Async._drainQueue (http://localhost:35451/__cypress/runner/cypress_runner.js:162140:16)\n    at Async../node_modules/bluebird/js/release/async.js.Async._drainQueues (http://localhost:35451/__cypress/runner/cypress_runner.js:162150:10)\n    at Async.drainQueues (http://localhost:35451/__cypress/runner/cypress_runner.js:162024:14)",
                "diff": null
              },
              "uuid": "585b6a29-4d5c-455b-b9f0-e9024b66e4e3",
              "parentUUID": "b1b669e1-819c-4d72-bfc4-5f66892f9606",
              "isHook": false,
              "skipped": false
            },
            {
              "title": "Verifica se existe um botão com o id `generate-board`",
              "fullTitle": "10 - Faça o quadro de pixels ter seu tamanho definido pelo usuário. Verifica se existe um botão com o id `generate-board`",
              "timedOut": null,
              "duration": 4509,
              "state": "failed",
              "speed": null,
              "pass": false,
              "fail": true,
              "pending": false,
              "context": null,
              "code": "cy.get('#generate-board').should('be.visible');",
              "err": {
                "message": "CypressError: Timed out retrying: Expected to find element: '#generate-board', but never found it.",
                "estack": "CypressError: Timed out retrying: Expected to find element: '#generate-board', but never found it.\n    at cypressErr (http://localhost:35451/__cypress/runner/cypress_runner.js:149934:9)\n    at throwErr (http://localhost:35451/__cypress/runner/cypress_runner.js:149867:11)\n    at Object.throwErrByPath (http://localhost:35451/__cypress/runner/cypress_runner.js:149915:3)\n    at retry (http://localhost:35451/__cypress/runner/cypress_runner.js:144197:19)\n    at onFailFn (http://localhost:35451/__cypress/runner/cypress_runner.js:132448:16)\n    at tryCatcher (http://localhost:35451/__cypress/runner/cypress_runner.js:167415:23)\n    at Promise._settlePromiseFromHandler (http://localhost:35451/__cypress/runner/cypress_runner.js:165351:31)\n    at Promise._settlePromise (http://localhost:35451/__cypress/runner/cypress_runner.js:165408:18)\n    at Promise._settlePromise0 (http://localhost:35451/__cypress/runner/cypress_runner.js:165453:10)\n    at Promise._settlePromises (http://localhost:35451/__cypress/runner/cypress_runner.js:165528:18)\n    at Async../node_modules/bluebird/js/release/async.js.Async._drainQueue (http://localhost:35451/__cypress/runner/cypress_runner.js:162140:16)\n    at Async../node_modules/bluebird/js/release/async.js.Async._drainQueues (http://localhost:35451/__cypress/runner/cypress_runner.js:162150:10)\n    at Async.drainQueues (http://localhost:35451/__cypress/runner/cypress_runner.js:162024:14)",
                "diff": null
              },
              "uuid": "003d97be-d011-4c76-a542-78e716212b5b",
              "parentUUID": "b1b669e1-819c-4d72-bfc4-5f66892f9606",
              "isHook": false,
              "skipped": false
            },
            {
              "title": "Verifica se o input só aceita número maiores que zero. Essa restrição deve ser feita usando os atributos do elemento `input`",
              "fullTitle": "10 - Faça o quadro de pixels ter seu tamanho definido pelo usuário. Verifica se o input só aceita número maiores que zero. Essa restrição deve ser feita usando os atributos do elemento `input`",
              "timedOut": null,
              "duration": 4531,
              "state": "failed",
              "speed": null,
              "pass": false,
              "fail": true,
              "pending": false,
              "context": null,
              "code": "cy.get('#board-size[type=\\'number\\'][min=\\'1\\']');",
              "err": {
                "message": "CypressError: Timed out retrying: Expected to find element: '#board-size[type='number'][min='1']', but never found it.",
                "estack": "CypressError: Timed out retrying: Expected to find element: '#board-size[type='number'][min='1']', but never found it.\n    at cypressErr (http://localhost:35451/__cypress/runner/cypress_runner.js:149934:9)\n    at throwErr (http://localhost:35451/__cypress/runner/cypress_runner.js:149867:11)\n    at Object.throwErrByPath (http://localhost:35451/__cypress/runner/cypress_runner.js:149915:3)\n    at retry (http://localhost:35451/__cypress/runner/cypress_runner.js:144197:19)\n    at onFailFn (http://localhost:35451/__cypress/runner/cypress_runner.js:132448:16)\n    at tryCatcher (http://localhost:35451/__cypress/runner/cypress_runner.js:167415:23)\n    at Promise._settlePromiseFromHandler (http://localhost:35451/__cypress/runner/cypress_runner.js:165351:31)\n    at Promise._settlePromise (http://localhost:35451/__cypress/runner/cypress_runner.js:165408:18)\n    at Promise._settlePromise0 (http://localhost:35451/__cypress/runner/cypress_runner.js:165453:10)\n    at Promise._settlePromises (http://localhost:35451/__cypress/runner/cypress_runner.js:165528:18)\n    at Async../node_modules/bluebird/js/release/async.js.Async._drainQueue (http://localhost:35451/__cypress/runner/cypress_runner.js:162140:16)\n    at Async../node_modules/bluebird/js/release/async.js.Async._drainQueues (http://localhost:35451/__cypress/runner/cypress_runner.js:162150:10)\n    at Async.drainQueues (http://localhost:35451/__cypress/runner/cypress_runner.js:162024:14)",
                "diff": null
              },
              "uuid": "0d1fb5a8-1e73-41f7-bf3f-e6be735cf073",
              "parentUUID": "b1b669e1-819c-4d72-bfc4-5f66892f9606",
              "isHook": false,
              "skipped": false
            },
            {
              "title": "Verifica se o botão contém o texto 'VQV'",
              "fullTitle": "10 - Faça o quadro de pixels ter seu tamanho definido pelo usuário. Verifica se o botão contém o texto 'VQV'",
              "timedOut": null,
              "duration": 4514,
              "state": "failed",
              "speed": null,
              "pass": false,
              "fail": true,
              "pending": false,
              "context": null,
              "code": "cy.get('#generate-board').contains(/vqv/i);",
              "err": {
                "message": "CypressError: Timed out retrying: Expected to find element: '#generate-board', but never found it.",
                "estack": "CypressError: Timed out retrying: Expected to find element: '#generate-board', but never found it.\n    at cypressErr (http://localhost:35451/__cypress/runner/cypress_runner.js:149934:9)\n    at throwErr (http://localhost:35451/__cypress/runner/cypress_runner.js:149867:11)\n    at Object.throwErrByPath (http://localhost:35451/__cypress/runner/cypress_runner.js:149915:3)\n    at retry (http://localhost:35451/__cypress/runner/cypress_runner.js:144197:19)\n    at onFailFn (http://localhost:35451/__cypress/runner/cypress_runner.js:132448:16)\n    at tryCatcher (http://localhost:35451/__cypress/runner/cypress_runner.js:167415:23)\n    at Promise._settlePromiseFromHandler (http://localhost:35451/__cypress/runner/cypress_runner.js:165351:31)\n    at Promise._settlePromise (http://localhost:35451/__cypress/runner/cypress_runner.js:165408:18)\n    at Promise._settlePromise0 (http://localhost:35451/__cypress/runner/cypress_runner.js:165453:10)\n    at Promise._settlePromises (http://localhost:35451/__cypress/runner/cypress_runner.js:165528:18)\n    at Async../node_modules/bluebird/js/release/async.js.Async._drainQueue (http://localhost:35451/__cypress/runner/cypress_runner.js:162140:16)\n    at Async../node_modules/bluebird/js/release/async.js.Async._drainQueues (http://localhost:35451/__cypress/runner/cypress_runner.js:162150:10)\n    at Async.drainQueues (http://localhost:35451/__cypress/runner/cypress_runner.js:162024:14)",
                "diff": null
              },
              "uuid": "6fedeba6-893a-47a0-89a0-165ed911437f",
              "parentUUID": "b1b669e1-819c-4d72-bfc4-5f66892f9606",
              "isHook": false,
              "skipped": false
            },
            {
              "title": "Verifica se o input está posicionado entre a paleta de cores e o quadro de pixels",
              "fullTitle": "10 - Faça o quadro de pixels ter seu tamanho definido pelo usuário. Verifica se o input está posicionado entre a paleta de cores e o quadro de pixels",
              "timedOut": null,
              "duration": 4484,
              "state": "failed",
              "speed": null,
              "pass": false,
              "fail": true,
              "pending": false,
              "context": null,
              "code": "cy.get('#color-palette').then(function (palette) {\n  cy.get('#board-size').should('be.belowOf', palette);\n});\ncy.get('#board-size').then(function (palette) {\n  cy.get('#pixel-board').should('be.belowOf', palette);\n});",
              "err": {
                "message": "CypressError: Timed out retrying: Expected to find element: '#board-size', but never found it.",
                "estack": "CypressError: Timed out retrying: Expected to find element: '#board-size', but never found it.\n    at cypressErr (http://localhost:35451/__cypress/runner/cypress_runner.js:149934:9)\n    at throwErr (http://localhost:35451/__cypress/runner/cypress_runner.js:149867:11)\n    at Object.throwErrByPath (http://localhost:35451/__cypress/runner/cypress_runner.js:149915:3)\n    at retry (http://localhost:35451/__cypress/runner/cypress_runner.js:144197:19)\n    at onFailFn (http://localhost:35451/__cypress/runner/cypress_runner.js:132448:16)\n    at tryCatcher (http://localhost:35451/__cypress/runner/cypress_runner.js:167415:23)\n    at Promise._settlePromiseFromHandler (http://localhost:35451/__cypress/runner/cypress_runner.js:165351:31)\n    at Promise._settlePromise (http://localhost:35451/__cypress/runner/cypress_runner.js:165408:18)\n    at Promise._settlePromise0 (http://localhost:35451/__cypress/runner/cypress_runner.js:165453:10)\n    at Promise._settlePromises (http://localhost:35451/__cypress/runner/cypress_runner.js:165528:18)\n    at Async../node_modules/bluebird/js/release/async.js.Async._drainQueue (http://localhost:35451/__cypress/runner/cypress_runner.js:162140:16)\n    at Async../node_modules/bluebird/js/release/async.js.Async._drainQueues (http://localhost:35451/__cypress/runner/cypress_runner.js:162150:10)\n    at Async.drainQueues (http://localhost:35451/__cypress/runner/cypress_runner.js:162024:14)",
                "diff": null
              },
              "uuid": "7bd1f3c9-d559-4e02-b3a8-8ed513ca89e8",
              "parentUUID": "b1b669e1-819c-4d72-bfc4-5f66892f9606",
              "isHook": false,
              "skipped": false
            },
            {
              "title": "Verifica se o botão está posicionado ao lado do input",
              "fullTitle": "10 - Faça o quadro de pixels ter seu tamanho definido pelo usuário. Verifica se o botão está posicionado ao lado do input",
              "timedOut": null,
              "duration": 4464,
              "state": "failed",
              "speed": null,
              "pass": false,
              "fail": true,
              "pending": false,
              "context": null,
              "code": "cy.get('#board-size').then(function (board) {\n  cy.get('#generate-board').should('be.onTheRightOf', board);\n});",
              "err": {
                "message": "CypressError: Timed out retrying: Expected to find element: '#board-size', but never found it.",
                "estack": "CypressError: Timed out retrying: Expected to find element: '#board-size', but never found it.\n    at cypressErr (http://localhost:35451/__cypress/runner/cypress_runner.js:149934:9)\n    at throwErr (http://localhost:35451/__cypress/runner/cypress_runner.js:149867:11)\n    at Object.throwErrByPath (http://localhost:35451/__cypress/runner/cypress_runner.js:149915:3)\n    at retry (http://localhost:35451/__cypress/runner/cypress_runner.js:144197:19)\n    at onFailFn (http://localhost:35451/__cypress/runner/cypress_runner.js:132448:16)\n    at tryCatcher (http://localhost:35451/__cypress/runner/cypress_runner.js:167415:23)\n    at Promise._settlePromiseFromHandler (http://localhost:35451/__cypress/runner/cypress_runner.js:165351:31)\n    at Promise._settlePromise (http://localhost:35451/__cypress/runner/cypress_runner.js:165408:18)\n    at Promise._settlePromise0 (http://localhost:35451/__cypress/runner/cypress_runner.js:165453:10)\n    at Promise._settlePromises (http://localhost:35451/__cypress/runner/cypress_runner.js:165528:18)\n    at Async../node_modules/bluebird/js/release/async.js.Async._drainQueue (http://localhost:35451/__cypress/runner/cypress_runner.js:162140:16)\n    at Async../node_modules/bluebird/js/release/async.js.Async._drainQueues (http://localhost:35451/__cypress/runner/cypress_runner.js:162150:10)\n    at Async.drainQueues (http://localhost:35451/__cypress/runner/cypress_runner.js:162024:14)",
                "diff": null
              },
              "uuid": "bb9c6540-683b-4dae-aa5c-d9c3506ab84b",
              "parentUUID": "b1b669e1-819c-4d72-bfc4-5f66892f9606",
              "isHook": false,
              "skipped": false
            },
            {
              "title": "Verifica se nenhum valor for colocado no input ao clicar no botão, um `alert` é exibido com o texto: 'Board inválido!'",
              "fullTitle": "10 - Faça o quadro de pixels ter seu tamanho definido pelo usuário. Verifica se nenhum valor for colocado no input ao clicar no botão, um `alert` é exibido com o texto: 'Board inválido!'",
              "timedOut": null,
              "duration": 4580,
              "state": "failed",
              "speed": null,
              "pass": false,
              "fail": true,
              "pending": false,
              "context": null,
              "code": "var alerted = false;\ncy.on('window:alert', function (msg) {\n  return alerted = msg;\n});\ncy.get('#generate-board').click().then(function () {\n  return expect(alerted).to.match(/Board inválido!/i);\n});",
              "err": {
                "message": "CypressError: Timed out retrying: Expected to find element: '#generate-board', but never found it.",
                "estack": "CypressError: Timed out retrying: Expected to find element: '#generate-board', but never found it.\n    at cypressErr (http://localhost:35451/__cypress/runner/cypress_runner.js:149934:9)\n    at throwErr (http://localhost:35451/__cypress/runner/cypress_runner.js:149867:11)\n    at Object.throwErrByPath (http://localhost:35451/__cypress/runner/cypress_runner.js:149915:3)\n    at retry (http://localhost:35451/__cypress/runner/cypress_runner.js:144197:19)\n    at onFailFn (http://localhost:35451/__cypress/runner/cypress_runner.js:132448:16)\n    at tryCatcher (http://localhost:35451/__cypress/runner/cypress_runner.js:167415:23)\n    at Promise._settlePromiseFromHandler (http://localhost:35451/__cypress/runner/cypress_runner.js:165351:31)\n    at Promise._settlePromise (http://localhost:35451/__cypress/runner/cypress_runner.js:165408:18)\n    at Promise._settlePromise0 (http://localhost:35451/__cypress/runner/cypress_runner.js:165453:10)\n    at Promise._settlePromises (http://localhost:35451/__cypress/runner/cypress_runner.js:165528:18)\n    at Async../node_modules/bluebird/js/release/async.js.Async._drainQueue (http://localhost:35451/__cypress/runner/cypress_runner.js:162140:16)\n    at Async../node_modules/bluebird/js/release/async.js.Async._drainQueues (http://localhost:35451/__cypress/runner/cypress_runner.js:162150:10)\n    at Async.drainQueues (http://localhost:35451/__cypress/runner/cypress_runner.js:162024:14)",
                "diff": null
              },
              "uuid": "e69249dd-8262-445a-bead-c1d49b0a4c4b",
              "parentUUID": "b1b669e1-819c-4d72-bfc4-5f66892f9606",
              "isHook": false,
              "skipped": false
            },
            {
              "title": "Verifica se ao clicar no botão com um valor preenchido, o tamanho do board muda.",
              "fullTitle": "10 - Faça o quadro de pixels ter seu tamanho definido pelo usuário. Verifica se ao clicar no botão com um valor preenchido, o tamanho do board muda.",
              "timedOut": null,
              "duration": 4441,
              "state": "failed",
              "speed": null,
              "pass": false,
              "fail": true,
              "pending": false,
              "context": null,
              "code": "cy.get('#board-size').clear().type(10);\ncy.get('#generate-board').click();\ncy.get('.pixel').should('have.length', 100);",
              "err": {
                "message": "CypressError: Timed out retrying: Expected to find element: '#board-size', but never found it.",
                "estack": "CypressError: Timed out retrying: Expected to find element: '#board-size', but never found it.\n    at cypressErr (http://localhost:35451/__cypress/runner/cypress_runner.js:149934:9)\n    at throwErr (http://localhost:35451/__cypress/runner/cypress_runner.js:149867:11)\n    at Object.throwErrByPath (http://localhost:35451/__cypress/runner/cypress_runner.js:149915:3)\n    at retry (http://localhost:35451/__cypress/runner/cypress_runner.js:144197:19)\n    at onFailFn (http://localhost:35451/__cypress/runner/cypress_runner.js:132448:16)\n    at tryCatcher (http://localhost:35451/__cypress/runner/cypress_runner.js:167415:23)\n    at Promise._settlePromiseFromHandler (http://localhost:35451/__cypress/runner/cypress_runner.js:165351:31)\n    at Promise._settlePromise (http://localhost:35451/__cypress/runner/cypress_runner.js:165408:18)\n    at Promise._settlePromise0 (http://localhost:35451/__cypress/runner/cypress_runner.js:165453:10)\n    at Promise._settlePromises (http://localhost:35451/__cypress/runner/cypress_runner.js:165528:18)\n    at Async../node_modules/bluebird/js/release/async.js.Async._drainQueue (http://localhost:35451/__cypress/runner/cypress_runner.js:162140:16)\n    at Async../node_modules/bluebird/js/release/async.js.Async._drainQueues (http://localhost:35451/__cypress/runner/cypress_runner.js:162150:10)\n    at Async.drainQueues (http://localhost:35451/__cypress/runner/cypress_runner.js:162024:14)",
                "diff": null
              },
              "uuid": "fd17c68c-06cb-4638-bc45-99efe86bed13",
              "parentUUID": "b1b669e1-819c-4d72-bfc4-5f66892f9606",
              "isHook": false,
              "skipped": false
            },
            {
              "title": "Verifica se o novo quadro tem todos os pixels preenchidos com a cor branca",
              "fullTitle": "10 - Faça o quadro de pixels ter seu tamanho definido pelo usuário. Verifica se o novo quadro tem todos os pixels preenchidos com a cor branca",
              "timedOut": null,
              "duration": 4430,
              "state": "failed",
              "speed": null,
              "pass": false,
              "fail": true,
              "pending": false,
              "context": null,
              "code": "cy.get('#board-size').clear().type(6);\ncy.get('#generate-board').click();\ncy.get('.pixel').should('have.length', 36).each(function (pixel) {\n  expect(pixel).to.have.css('background-color', WHITE);\n});",
              "err": {
                "message": "CypressError: Timed out retrying: Expected to find element: '#board-size', but never found it.",
                "estack": "CypressError: Timed out retrying: Expected to find element: '#board-size', but never found it.\n    at cypressErr (http://localhost:35451/__cypress/runner/cypress_runner.js:149934:9)\n    at throwErr (http://localhost:35451/__cypress/runner/cypress_runner.js:149867:11)\n    at Object.throwErrByPath (http://localhost:35451/__cypress/runner/cypress_runner.js:149915:3)\n    at retry (http://localhost:35451/__cypress/runner/cypress_runner.js:144197:19)\n    at onFailFn (http://localhost:35451/__cypress/runner/cypress_runner.js:132448:16)\n    at tryCatcher (http://localhost:35451/__cypress/runner/cypress_runner.js:167415:23)\n    at Promise._settlePromiseFromHandler (http://localhost:35451/__cypress/runner/cypress_runner.js:165351:31)\n    at Promise._settlePromise (http://localhost:35451/__cypress/runner/cypress_runner.js:165408:18)\n    at Promise._settlePromise0 (http://localhost:35451/__cypress/runner/cypress_runner.js:165453:10)\n    at Promise._settlePromises (http://localhost:35451/__cypress/runner/cypress_runner.js:165528:18)\n    at Async../node_modules/bluebird/js/release/async.js.Async._drainQueue (http://localhost:35451/__cypress/runner/cypress_runner.js:162140:16)\n    at Async../node_modules/bluebird/js/release/async.js.Async._drainQueues (http://localhost:35451/__cypress/runner/cypress_runner.js:162150:10)\n    at Async.drainQueues (http://localhost:35451/__cypress/runner/cypress_runner.js:162024:14)",
                "diff": null
              },
              "uuid": "4ea2aeda-8ab3-485f-9ab1-5a118baea026",
              "parentUUID": "b1b669e1-819c-4d72-bfc4-5f66892f9606",
              "isHook": false,
              "skipped": false
            }
          ],
          "suites": [],
          "passes": [],
          "failures": [
            "585b6a29-4d5c-455b-b9f0-e9024b66e4e3",
            "003d97be-d011-4c76-a542-78e716212b5b",
            "0d1fb5a8-1e73-41f7-bf3f-e6be735cf073",
            "6fedeba6-893a-47a0-89a0-165ed911437f",
            "7bd1f3c9-d559-4e02-b3a8-8ed513ca89e8",
            "bb9c6540-683b-4dae-aa5c-d9c3506ab84b",
            "e69249dd-8262-445a-bead-c1d49b0a4c4b",
            "fd17c68c-06cb-4638-bc45-99efe86bed13",
            "4ea2aeda-8ab3-485f-9ab1-5a118baea026"
          ],
          "pending": [],
          "skipped": [],
          "duration": 40397,
          "root": false,
          "rootEmpty": false,
          "_timeout": 2000
        },
        {
          "uuid": "03d2d802-b4be-4416-a52e-8b877b435026",
          "title": "11 - Limite o tamanho mínimo e máximo do board.",
          "fullFile": "",
          "file": "",
          "beforeHooks": [],
          "afterHooks": [],
          "tests": [
            {
              "title": "Verifica se a altura máxima do board é 50",
              "fullTitle": "11 - Limite o tamanho mínimo e máximo do board. Verifica se a altura máxima do board é 50",
              "timedOut": null,
              "duration": 4532,
              "state": "failed",
              "speed": null,
              "pass": false,
              "fail": true,
              "pending": false,
              "context": null,
              "code": "cy.get('#board-size').clear().type(50);\ncy.get('#generate-board').click();\ncy.get('.pixel').should('have.length', 2500);",
              "err": {
                "message": "CypressError: Timed out retrying: Expected to find element: '#board-size', but never found it.",
                "estack": "CypressError: Timed out retrying: Expected to find element: '#board-size', but never found it.\n    at cypressErr (http://localhost:35451/__cypress/runner/cypress_runner.js:149934:9)\n    at throwErr (http://localhost:35451/__cypress/runner/cypress_runner.js:149867:11)\n    at Object.throwErrByPath (http://localhost:35451/__cypress/runner/cypress_runner.js:149915:3)\n    at retry (http://localhost:35451/__cypress/runner/cypress_runner.js:144197:19)\n    at onFailFn (http://localhost:35451/__cypress/runner/cypress_runner.js:132448:16)\n    at tryCatcher (http://localhost:35451/__cypress/runner/cypress_runner.js:167415:23)\n    at Promise._settlePromiseFromHandler (http://localhost:35451/__cypress/runner/cypress_runner.js:165351:31)\n    at Promise._settlePromise (http://localhost:35451/__cypress/runner/cypress_runner.js:165408:18)\n    at Promise._settlePromise0 (http://localhost:35451/__cypress/runner/cypress_runner.js:165453:10)\n    at Promise._settlePromises (http://localhost:35451/__cypress/runner/cypress_runner.js:165528:18)\n    at Async../node_modules/bluebird/js/release/async.js.Async._drainQueue (http://localhost:35451/__cypress/runner/cypress_runner.js:162140:16)\n    at Async../node_modules/bluebird/js/release/async.js.Async._drainQueues (http://localhost:35451/__cypress/runner/cypress_runner.js:162150:10)\n    at Async.drainQueues (http://localhost:35451/__cypress/runner/cypress_runner.js:162024:14)",
                "diff": null
              },
              "uuid": "498ff936-46f3-4d65-af1a-5420cd388e2a",
              "parentUUID": "03d2d802-b4be-4416-a52e-8b877b435026",
              "isHook": false,
              "skipped": false
            },
            {
              "title": "Verifica se a altura do board é 5 quando um valor menor é colocado no input",
              "fullTitle": "11 - Limite o tamanho mínimo e máximo do board. Verifica se a altura do board é 5 quando um valor menor é colocado no input",
              "timedOut": null,
              "duration": 4492,
              "state": "failed",
              "speed": null,
              "pass": false,
              "fail": true,
              "pending": false,
              "context": null,
              "code": "cy.get('#board-size').clear().type(4);\ncy.get('#generate-board').click();\ncy.get('.pixel').should('have.length', 25);",
              "err": {
                "message": "CypressError: Timed out retrying: Expected to find element: '#board-size', but never found it.",
                "estack": "CypressError: Timed out retrying: Expected to find element: '#board-size', but never found it.\n    at cypressErr (http://localhost:35451/__cypress/runner/cypress_runner.js:149934:9)\n    at throwErr (http://localhost:35451/__cypress/runner/cypress_runner.js:149867:11)\n    at Object.throwErrByPath (http://localhost:35451/__cypress/runner/cypress_runner.js:149915:3)\n    at retry (http://localhost:35451/__cypress/runner/cypress_runner.js:144197:19)\n    at onFailFn (http://localhost:35451/__cypress/runner/cypress_runner.js:132448:16)\n    at tryCatcher (http://localhost:35451/__cypress/runner/cypress_runner.js:167415:23)\n    at Promise._settlePromiseFromHandler (http://localhost:35451/__cypress/runner/cypress_runner.js:165351:31)\n    at Promise._settlePromise (http://localhost:35451/__cypress/runner/cypress_runner.js:165408:18)\n    at Promise._settlePromise0 (http://localhost:35451/__cypress/runner/cypress_runner.js:165453:10)\n    at Promise._settlePromises (http://localhost:35451/__cypress/runner/cypress_runner.js:165528:18)\n    at Async../node_modules/bluebird/js/release/async.js.Async._drainQueue (http://localhost:35451/__cypress/runner/cypress_runner.js:162140:16)\n    at Async../node_modules/bluebird/js/release/async.js.Async._drainQueues (http://localhost:35451/__cypress/runner/cypress_runner.js:162150:10)\n    at Async.drainQueues (http://localhost:35451/__cypress/runner/cypress_runner.js:162024:14)",
                "diff": null
              },
              "uuid": "3602a786-c302-4e82-a368-baad9a8f5987",
              "parentUUID": "03d2d802-b4be-4416-a52e-8b877b435026",
              "isHook": false,
              "skipped": false
            },
            {
              "title": "Verifica se a altura do board é 50 quando um valor maior é colocado no input",
              "fullTitle": "11 - Limite o tamanho mínimo e máximo do board. Verifica se a altura do board é 50 quando um valor maior é colocado no input",
              "timedOut": null,
              "duration": 4530,
              "state": "failed",
              "speed": null,
              "pass": false,
              "fail": true,
              "pending": false,
              "context": null,
              "code": "cy.get('#board-size').clear().type(51);\ncy.get('#generate-board').click();\ncy.get('.pixel').should('have.length', 2500);",
              "err": {
                "message": "CypressError: Timed out retrying: Expected to find element: '#board-size', but never found it.",
                "estack": "CypressError: Timed out retrying: Expected to find element: '#board-size', but never found it.\n    at cypressErr (http://localhost:35451/__cypress/runner/cypress_runner.js:149934:9)\n    at throwErr (http://localhost:35451/__cypress/runner/cypress_runner.js:149867:11)\n    at Object.throwErrByPath (http://localhost:35451/__cypress/runner/cypress_runner.js:149915:3)\n    at retry (http://localhost:35451/__cypress/runner/cypress_runner.js:144197:19)\n    at onFailFn (http://localhost:35451/__cypress/runner/cypress_runner.js:132448:16)\n    at tryCatcher (http://localhost:35451/__cypress/runner/cypress_runner.js:167415:23)\n    at Promise._settlePromiseFromHandler (http://localhost:35451/__cypress/runner/cypress_runner.js:165351:31)\n    at Promise._settlePromise (http://localhost:35451/__cypress/runner/cypress_runner.js:165408:18)\n    at Promise._settlePromise0 (http://localhost:35451/__cypress/runner/cypress_runner.js:165453:10)\n    at Promise._settlePromises (http://localhost:35451/__cypress/runner/cypress_runner.js:165528:18)\n    at Async../node_modules/bluebird/js/release/async.js.Async._drainQueue (http://localhost:35451/__cypress/runner/cypress_runner.js:162140:16)\n    at Async../node_modules/bluebird/js/release/async.js.Async._drainQueues (http://localhost:35451/__cypress/runner/cypress_runner.js:162150:10)\n    at Async.drainQueues (http://localhost:35451/__cypress/runner/cypress_runner.js:162024:14)",
                "diff": null
              },
              "uuid": "bfe71d79-f792-48b3-b75d-9de4b6c407eb",
              "parentUUID": "03d2d802-b4be-4416-a52e-8b877b435026",
              "isHook": false,
              "skipped": false
            }
          ],
          "suites": [],
          "passes": [],
          "failures": [
            "498ff936-46f3-4d65-af1a-5420cd388e2a",
            "3602a786-c302-4e82-a368-baad9a8f5987",
            "bfe71d79-f792-48b3-b75d-9de4b6c407eb"
          ],
          "pending": [],
          "skipped": [],
          "duration": 13554,
          "root": false,
          "rootEmpty": false,
          "_timeout": 2000
        },
        {
          "uuid": "a29dbc19-aaa6-4f1a-bc56-ddae9300acea",
          "title": "12 - Faça com que as cores da paleta sejam geradas aleatoriamente ao carregar a página.",
          "fullFile": "",
          "file": "",
          "beforeHooks": [],
          "afterHooks": [],
          "tests": [
            {
              "title": "Verifica se as cores geradas na paleta são diferentes a cada carregamento da página",
              "fullTitle": "12 - Faça com que as cores da paleta sejam geradas aleatoriamente ao carregar a página. Verifica se as cores geradas na paleta são diferentes a cada carregamento da página",
              "timedOut": null,
              "duration": 694,
              "state": "failed",
              "speed": null,
              "pass": false,
              "fail": true,
              "pending": false,
              "context": null,
              "code": "cy.get('.color').then(function (colors) {\n  var currentColors;\n  var previousColors;\n  previousColors = Array.from(colors).map(function (color) {\n    return Cypress.$(color).css('background-color');\n  });\n  for (var i = 0; i < 5; i += 1) {\n    cy.reload();\n    cy.get('.color').then(function (colors) {\n      currentColors = Array.from(colors).map(function (color) {\n        return Cypress.$(color).css('background-color');\n      });\n      expect(currentColors).not.to.deep.equal(previousColors);\n      previousColors = currentColors;\n    });\n  }\n});",
              "err": {
                "message": "AssertionError: expected [ Array(4) ] to not deeply equal [ Array(4) ]",
                "estack": "AssertionError: expected [ Array(4) ] to not deeply equal [ Array(4) ]\n    at getRet (http://localhost:35451/__cypress/runner/cypress_runner.js:136585:16)\n    at tryCatcher (http://localhost:35451/__cypress/runner/cypress_runner.js:167415:23)\n    at Function.Promise.attempt.Promise.try (http://localhost:35451/__cypress/runner/cypress_runner.js:164690:29)\n    at Context.thenFn (http://localhost:35451/__cypress/runner/cypress_runner.js:136599:23)\n    at Context.then (http://localhost:35451/__cypress/runner/cypress_runner.js:136971:21)\n    at Context.<anonymous> (http://localhost:35451/__cypress/runner/cypress_runner.js:148875:21)\n    at http://localhost:35451/__cypress/runner/cypress_runner.js:148351:33\n    at tryCatcher (http://localhost:35451/__cypress/runner/cypress_runner.js:167415:23)\n    at Promise._settlePromiseFromHandler (http://localhost:35451/__cypress/runner/cypress_runner.js:165351:31)\n    at Promise._settlePromise (http://localhost:35451/__cypress/runner/cypress_runner.js:165408:18)\n    at Promise._settlePromiseCtx (http://localhost:35451/__cypress/runner/cypress_runner.js:165445:10)\n    at Async../node_modules/bluebird/js/release/async.js.Async._drainQueue (http://localhost:35451/__cypress/runner/cypress_runner.js:162145:12)\n    at Async../node_modules/bluebird/js/release/async.js.Async._drainQueues (http://localhost:35451/__cypress/runner/cypress_runner.js:162150:10)\n    at Async.drainQueues (http://localhost:35451/__cypress/runner/cypress_runner.js:162024:14)",
                "diff": ""
              },
              "uuid": "90121876-b528-428d-a9e1-9e84fa4ab3f9",
              "parentUUID": "a29dbc19-aaa6-4f1a-bc56-ddae9300acea",
              "isHook": false,
              "skipped": false
            },
            {
              "title": "Verifica se a cor preta ainda está presente e é a primeira na sua paleta de cores",
              "fullTitle": "12 - Faça com que as cores da paleta sejam geradas aleatoriamente ao carregar a página. Verifica se a cor preta ainda está presente e é a primeira na sua paleta de cores",
              "timedOut": null,
              "duration": 468,
              "state": "failed",
              "speed": null,
              "pass": false,
              "fail": true,
              "pending": false,
              "context": null,
              "code": "cy.get('.color').then(function (colors) {\n  var currentColors;\n  var previousColors;\n  previousColors = Array.from(colors).map(function (color) {\n    return Cypress.$(color).css('background-color');\n  });\n  expect(previousColors[0]).to.eq(BLACK);\n  for (var i = 0; i < 5; i += 1) {\n    cy.reload();\n    cy.get('.color').then(function (colors) {\n      currentColors = Array.from(colors).map(function (color) {\n        return Cypress.$(color).css('background-color');\n      });\n      expect(currentColors[0]).to.eq(BLACK);\n      expect(currentColors).not.to.deep.equal(previousColors);\n      previousColors = currentColors;\n    });\n  }\n});",
              "err": {
                "message": "AssertionError: expected [ Array(4) ] to not deeply equal [ Array(4) ]",
                "estack": "AssertionError: expected [ Array(4) ] to not deeply equal [ Array(4) ]\n    at getRet (http://localhost:35451/__cypress/runner/cypress_runner.js:136585:16)\n    at tryCatcher (http://localhost:35451/__cypress/runner/cypress_runner.js:167415:23)\n    at Function.Promise.attempt.Promise.try (http://localhost:35451/__cypress/runner/cypress_runner.js:164690:29)\n    at Context.thenFn (http://localhost:35451/__cypress/runner/cypress_runner.js:136599:23)\n    at Context.then (http://localhost:35451/__cypress/runner/cypress_runner.js:136971:21)\n    at Context.<anonymous> (http://localhost:35451/__cypress/runner/cypress_runner.js:148875:21)\n    at http://localhost:35451/__cypress/runner/cypress_runner.js:148351:33\n    at tryCatcher (http://localhost:35451/__cypress/runner/cypress_runner.js:167415:23)\n    at Promise._settlePromiseFromHandler (http://localhost:35451/__cypress/runner/cypress_runner.js:165351:31)\n    at Promise._settlePromise (http://localhost:35451/__cypress/runner/cypress_runner.js:165408:18)\n    at Promise._settlePromiseCtx (http://localhost:35451/__cypress/runner/cypress_runner.js:165445:10)\n    at Async../node_modules/bluebird/js/release/async.js.Async._drainQueue (http://localhost:35451/__cypress/runner/cypress_runner.js:162145:12)\n    at Async../node_modules/bluebird/js/release/async.js.Async._drainQueues (http://localhost:35451/__cypress/runner/cypress_runner.js:162150:10)\n    at Async.drainQueues (http://localhost:35451/__cypress/runner/cypress_runner.js:162024:14)",
                "diff": ""
              },
              "uuid": "4e0958eb-c63b-47d6-a4d9-f6f2f911a614",
              "parentUUID": "a29dbc19-aaa6-4f1a-bc56-ddae9300acea",
              "isHook": false,
              "skipped": false
            }
          ],
          "suites": [],
          "passes": [],
          "failures": [
            "90121876-b528-428d-a9e1-9e84fa4ab3f9",
            "4e0958eb-c63b-47d6-a4d9-f6f2f911a614"
          ],
          "pending": [],
          "skipped": [],
          "duration": 1162,
          "root": false,
          "rootEmpty": false,
          "_timeout": 2000
        }
      ],
      "passes": [],
      "failures": [],
      "pending": [],
      "skipped": [],
      "duration": 0,
      "root": true,
      "rootEmpty": true,
      "_timeout": 2000
    }
  ],
  "meta": {
    "mocha": {
      "version": "7.0.1"
    },
    "mochawesome": {
      "options": {
        "quiet": false,
        "reportFilename": "mochawesome",
        "saveHtml": false,
        "saveJson": true,
        "consoleReporter": "spec",
        "useInlineDiffs": false
      },
      "version": "4.1.0"
    },
    "marge": {
      "options": {
        "id": "default",
        "reportDir": "cypress/reports",
        "overwrite": true,
        "html": false,
        "json": true
      },
      "version": "4.1.0"
    }
  }
}